{"D:\\Proyectos\\Nodejs\\SonarQubeExpress\\src\\controllers.js": {"path":"D:\\Proyectos\\Nodejs\\SonarQubeExpress\\src\\controllers.js","statementMap":{"0":{"start":{"line":1,"column":14},"end":{"line":1,"column":30}},"1":{"start":{"line":2,"column":23},"end":{"line":2,"column":38}},"2":{"start":{"line":3,"column":17},"end":{"line":3,"column":34}},"3":{"start":{"line":4,"column":28},"end":{"line":4,"column":44}},"4":{"start":{"line":6,"column":12},"end":{"line":16,"column":1}},"5":{"start":{"line":17,"column":0},"end":{"line":23,"column":1}},"6":{"start":{"line":18,"column":21},"end":{"line":21,"column":5}},"7":{"start":{"line":22,"column":4},"end":{"line":22,"column":42}},"8":{"start":{"line":25,"column":0},"end":{"line":43,"column":1}},"9":{"start":{"line":26,"column":31},"end":{"line":26,"column":39}},"10":{"start":{"line":27,"column":15},"end":{"line":27,"column":31}},"11":{"start":{"line":28,"column":4},"end":{"line":38,"column":5}},"12":{"start":{"line":29,"column":8},"end":{"line":29,"column":43}},"13":{"start":{"line":30,"column":8},"end":{"line":37,"column":11}},"14":{"start":{"line":39,"column":4},"end":{"line":42,"column":7}},"15":{"start":{"line":45,"column":0},"end":{"line":61,"column":1}},"16":{"start":{"line":46,"column":19},"end":{"line":46,"column":29}},"17":{"start":{"line":47,"column":4},"end":{"line":54,"column":5}},"18":{"start":{"line":48,"column":8},"end":{"line":48,"column":34}},"19":{"start":{"line":49,"column":8},"end":{"line":49,"column":57}},"20":{"start":{"line":49,"column":36},"end":{"line":49,"column":55}},"21":{"start":{"line":50,"column":8},"end":{"line":53,"column":10}},"22":{"start":{"line":56,"column":4},"end":{"line":59,"column":6}},"23":{"start":{"line":63,"column":0},"end":{"line":69,"column":1}},"24":{"start":{"line":64,"column":16},"end":{"line":64,"column":39}},"25":{"start":{"line":65,"column":4},"end":{"line":68,"column":7}},"26":{"start":{"line":71,"column":0},"end":{"line":79,"column":1}},"27":{"start":{"line":72,"column":4},"end":{"line":78,"column":7}},"28":{"start":{"line":73,"column":8},"end":{"line":73,"column":31}},"29":{"start":{"line":73,"column":19},"end":{"line":73,"column":31}},"30":{"start":{"line":74,"column":8},"end":{"line":77,"column":11}},"31":{"start":{"line":81,"column":0},"end":{"line":97,"column":1}},"32":{"start":{"line":82,"column":87},"end":{"line":82,"column":95}},"33":{"start":{"line":83,"column":4},"end":{"line":96,"column":5}},"34":{"start":{"line":84,"column":8},"end":{"line":95,"column":10}},"35":{"start":{"line":85,"column":12},"end":{"line":90,"column":13}},"36":{"start":{"line":86,"column":16},"end":{"line":89,"column":19}},"37":{"start":{"line":91,"column":12},"end":{"line":94,"column":15}},"38":{"start":{"line":99,"column":0},"end":{"line":102,"column":1}},"39":{"start":{"line":104,"column":0},"end":{"line":125,"column":1}},"40":{"start":{"line":105,"column":38},"end":{"line":105,"column":48}},"41":{"start":{"line":106,"column":4},"end":{"line":124,"column":5}},"42":{"start":{"line":107,"column":8},"end":{"line":118,"column":11}},"43":{"start":{"line":108,"column":12},"end":{"line":113,"column":13}},"44":{"start":{"line":109,"column":16},"end":{"line":112,"column":19}},"45":{"start":{"line":114,"column":12},"end":{"line":117,"column":15}},"46":{"start":{"line":120,"column":8},"end":{"line":123,"column":11}},"47":{"start":{"line":127,"column":0},"end":{"line":143,"column":1}},"48":{"start":{"line":128,"column":40},"end":{"line":128,"column":50}},"49":{"start":{"line":129,"column":4},"end":{"line":142,"column":5}},"50":{"start":{"line":130,"column":8},"end":{"line":141,"column":10}},"51":{"start":{"line":131,"column":12},"end":{"line":136,"column":13}},"52":{"start":{"line":132,"column":16},"end":{"line":135,"column":19}},"53":{"start":{"line":137,"column":12},"end":{"line":140,"column":15}}},"fnMap":{"0":{"name":"(anonymous_0)","decl":{"start":{"line":17,"column":19},"end":{"line":17,"column":20}},"loc":{"start":{"line":17,"column":38},"end":{"line":23,"column":1}},"line":17},"1":{"name":"(anonymous_1)","decl":{"start":{"line":25,"column":20},"end":{"line":25,"column":21}},"loc":{"start":{"line":25,"column":39},"end":{"line":43,"column":1}},"line":25},"2":{"name":"(anonymous_2)","decl":{"start":{"line":45,"column":22},"end":{"line":45,"column":23}},"loc":{"start":{"line":45,"column":41},"end":{"line":61,"column":1}},"line":45},"3":{"name":"(anonymous_3)","decl":{"start":{"line":49,"column":29},"end":{"line":49,"column":30}},"loc":{"start":{"line":49,"column":36},"end":{"line":49,"column":55}},"line":49},"4":{"name":"(anonymous_4)","decl":{"start":{"line":63,"column":19},"end":{"line":63,"column":20}},"loc":{"start":{"line":63,"column":38},"end":{"line":69,"column":1}},"line":63},"5":{"name":"(anonymous_5)","decl":{"start":{"line":71,"column":23},"end":{"line":71,"column":24}},"loc":{"start":{"line":71,"column":42},"end":{"line":79,"column":1}},"line":71},"6":{"name":"(anonymous_6)","decl":{"start":{"line":72,"column":57},"end":{"line":72,"column":58}},"loc":{"start":{"line":72,"column":90},"end":{"line":78,"column":5}},"line":72},"7":{"name":"(anonymous_7)","decl":{"start":{"line":81,"column":24},"end":{"line":81,"column":25}},"loc":{"start":{"line":81,"column":43},"end":{"line":97,"column":1}},"line":81},"8":{"name":"(anonymous_8)","decl":{"start":{"line":84,"column":249},"end":{"line":84,"column":250}},"loc":{"start":{"line":84,"column":282},"end":{"line":95,"column":9}},"line":84},"9":{"name":"(anonymous_9)","decl":{"start":{"line":99,"column":23},"end":{"line":99,"column":24}},"loc":{"start":{"line":99,"column":42},"end":{"line":102,"column":1}},"line":99},"10":{"name":"(anonymous_10)","decl":{"start":{"line":104,"column":26},"end":{"line":104,"column":27}},"loc":{"start":{"line":104,"column":45},"end":{"line":125,"column":1}},"line":104},"11":{"name":"(anonymous_11)","decl":{"start":{"line":107,"column":117},"end":{"line":107,"column":118}},"loc":{"start":{"line":107,"column":150},"end":{"line":118,"column":9}},"line":107},"12":{"name":"(anonymous_12)","decl":{"start":{"line":127,"column":25},"end":{"line":127,"column":26}},"loc":{"start":{"line":127,"column":44},"end":{"line":143,"column":1}},"line":127},"13":{"name":"(anonymous_13)","decl":{"start":{"line":130,"column":125},"end":{"line":130,"column":126}},"loc":{"start":{"line":130,"column":158},"end":{"line":141,"column":9}},"line":130}},"branchMap":{"0":{"loc":{"start":{"line":28,"column":4},"end":{"line":38,"column":5}},"type":"if","locations":[{"start":{"line":28,"column":4},"end":{"line":38,"column":5}},{"start":{"line":28,"column":4},"end":{"line":38,"column":5}}],"line":28},"1":{"loc":{"start":{"line":28,"column":8},"end":{"line":28,"column":24}},"type":"binary-expr","locations":[{"start":{"line":28,"column":8},"end":{"line":28,"column":12}},{"start":{"line":28,"column":16},"end":{"line":28,"column":24}}],"line":28},"2":{"loc":{"start":{"line":47,"column":4},"end":{"line":54,"column":5}},"type":"if","locations":[{"start":{"line":47,"column":4},"end":{"line":54,"column":5}},{"start":{"line":47,"column":4},"end":{"line":54,"column":5}}],"line":47},"3":{"loc":{"start":{"line":73,"column":8},"end":{"line":73,"column":31}},"type":"if","locations":[{"start":{"line":73,"column":8},"end":{"line":73,"column":31}},{"start":{"line":73,"column":8},"end":{"line":73,"column":31}}],"line":73},"4":{"loc":{"start":{"line":83,"column":4},"end":{"line":96,"column":5}},"type":"if","locations":[{"start":{"line":83,"column":4},"end":{"line":96,"column":5}},{"start":{"line":83,"column":4},"end":{"line":96,"column":5}}],"line":83},"5":{"loc":{"start":{"line":83,"column":8},"end":{"line":83,"column":86}},"type":"binary-expr","locations":[{"start":{"line":83,"column":8},"end":{"line":83,"column":17}},{"start":{"line":83,"column":21},"end":{"line":83,"column":37}},{"start":{"line":83,"column":41},"end":{"line":83,"column":63}},{"start":{"line":83,"column":67},"end":{"line":83,"column":75}},{"start":{"line":83,"column":79},"end":{"line":83,"column":86}}],"line":83},"6":{"loc":{"start":{"line":85,"column":12},"end":{"line":90,"column":13}},"type":"if","locations":[{"start":{"line":85,"column":12},"end":{"line":90,"column":13}},{"start":{"line":85,"column":12},"end":{"line":90,"column":13}}],"line":85},"7":{"loc":{"start":{"line":106,"column":4},"end":{"line":124,"column":5}},"type":"if","locations":[{"start":{"line":106,"column":4},"end":{"line":124,"column":5}},{"start":{"line":106,"column":4},"end":{"line":124,"column":5}}],"line":106},"8":{"loc":{"start":{"line":108,"column":12},"end":{"line":113,"column":13}},"type":"if","locations":[{"start":{"line":108,"column":12},"end":{"line":113,"column":13}},{"start":{"line":108,"column":12},"end":{"line":113,"column":13}}],"line":108},"9":{"loc":{"start":{"line":129,"column":4},"end":{"line":142,"column":5}},"type":"if","locations":[{"start":{"line":129,"column":4},"end":{"line":142,"column":5}},{"start":{"line":129,"column":4},"end":{"line":142,"column":5}}],"line":129},"10":{"loc":{"start":{"line":129,"column":8},"end":{"line":129,"column":33}},"type":"binary-expr","locations":[{"start":{"line":129,"column":8},"end":{"line":129,"column":16}},{"start":{"line":129,"column":20},"end":{"line":129,"column":33}}],"line":129},"11":{"loc":{"start":{"line":131,"column":12},"end":{"line":136,"column":13}},"type":"if","locations":[{"start":{"line":131,"column":12},"end":{"line":136,"column":13}},{"start":{"line":131,"column":12},"end":{"line":136,"column":13}}],"line":131}},"s":{"0":1,"1":1,"2":1,"3":1,"4":1,"5":1,"6":1,"7":1,"8":1,"9":1,"10":1,"11":1,"12":1,"13":1,"14":0,"15":1,"16":0,"17":0,"18":0,"19":0,"20":0,"21":0,"22":0,"23":1,"24":1,"25":1,"26":1,"27":1,"28":1,"29":0,"30":1,"31":1,"32":1,"33":1,"34":1,"35":1,"36":0,"37":1,"38":1,"39":1,"40":1,"41":1,"42":1,"43":1,"44":0,"45":1,"46":0,"47":1,"48":1,"49":1,"50":1,"51":1,"52":0,"53":1},"f":{"0":1,"1":1,"2":0,"3":0,"4":1,"5":1,"6":1,"7":1,"8":1,"9":0,"10":1,"11":1,"12":1,"13":1},"b":{"0":[1,0],"1":[1,1],"2":[0,0],"3":[0,1],"4":[1,0],"5":[1,1,1,1,1],"6":[0,1],"7":[1,0],"8":[0,1],"9":[1,0],"10":[1,1],"11":[0,1]},"_coverageSchema":"1a1c01bbd47fc00a2c39e90264f33305004495a9","hash":"7031927d13bd5f68b85ed35d99c5f34b086b2db8"}
,"D:\\Proyectos\\Nodejs\\SonarQubeExpress\\src\\dao.js": {"path":"D:\\Proyectos\\Nodejs\\SonarQubeExpress\\src\\dao.js","statementMap":{"0":{"start":{"line":1,"column":14},"end":{"line":1,"column":30}},"1":{"start":{"line":3,"column":0},"end":{"line":12,"column":1}},"2":{"start":{"line":5,"column":18},"end":{"line":5,"column":30}},"3":{"start":{"line":6,"column":19},"end":{"line":6,"column":21}},"4":{"start":{"line":7,"column":4},"end":{"line":10,"column":5}},"5":{"start":{"line":8,"column":21},"end":{"line":8,"column":94}},"6":{"start":{"line":9,"column":8},"end":{"line":9,"column":33}},"7":{"start":{"line":11,"column":4},"end":{"line":11,"column":19}}},"fnMap":{"0":{"name":"(anonymous_0)","decl":{"start":{"line":3,"column":26},"end":{"line":3,"column":27}},"loc":{"start":{"line":3,"column":37},"end":{"line":12,"column":1}},"line":3}},"branchMap":{},"s":{"0":1,"1":1,"2":1,"3":1,"4":1,"5":4,"6":4,"7":1},"f":{"0":1},"b":{},"_coverageSchema":"1a1c01bbd47fc00a2c39e90264f33305004495a9","hash":"d6d8fee9f51e5000b88e68e515d4945b394e4cde"}
,"D:\\Proyectos\\Nodejs\\SonarQubeExpress\\src\\index.js": {"path":"D:\\Proyectos\\Nodejs\\SonarQubeExpress\\src\\index.js","statementMap":{"0":{"start":{"line":2,"column":16},"end":{"line":2,"column":34}},"1":{"start":{"line":3,"column":12},"end":{"line":3,"column":21}},"2":{"start":{"line":4,"column":131},"end":{"line":4,"column":155}},"3":{"start":{"line":5,"column":0},"end":{"line":5,"column":48}},"4":{"start":{"line":6,"column":0},"end":{"line":6,"column":23}},"5":{"start":{"line":7,"column":13},"end":{"line":7,"column":37}},"6":{"start":{"line":9,"column":0},"end":{"line":9,"column":28}},"7":{"start":{"line":11,"column":0},"end":{"line":11,"column":30}},"8":{"start":{"line":13,"column":0},"end":{"line":13,"column":38}},"9":{"start":{"line":15,"column":0},"end":{"line":15,"column":30}},"10":{"start":{"line":17,"column":0},"end":{"line":17,"column":41}},"11":{"start":{"line":18,"column":0},"end":{"line":18,"column":43}},"12":{"start":{"line":19,"column":0},"end":{"line":19,"column":45}},"13":{"start":{"line":20,"column":0},"end":{"line":20,"column":70}},"14":{"start":{"line":21,"column":0},"end":{"line":21,"column":68}},"15":{"start":{"line":27,"column":0},"end":{"line":27,"column":21}}},"fnMap":{},"branchMap":{"0":{"loc":{"start":{"line":7,"column":13},"end":{"line":7,"column":37}},"type":"binary-expr","locations":[{"start":{"line":7,"column":13},"end":{"line":7,"column":29}},{"start":{"line":7,"column":33},"end":{"line":7,"column":37}}],"line":7}},"s":{"0":1,"1":1,"2":1,"3":1,"4":1,"5":1,"6":1,"7":1,"8":1,"9":1,"10":1,"11":1,"12":1,"13":1,"14":1,"15":1},"f":{},"b":{"0":[1,1]},"_coverageSchema":"1a1c01bbd47fc00a2c39e90264f33305004495a9","hash":"2b7d07896a74812c9152fb87e0dc7a5f98d6f617"}
,"D:\\Proyectos\\Nodejs\\SonarQubeExpress\\src\\db\\index.js": {"path":"D:\\Proyectos\\Nodejs\\SonarQubeExpress\\src\\db\\index.js","statementMap":{"0":{"start":{"line":1,"column":14},"end":{"line":1,"column":30}},"1":{"start":{"line":2,"column":19},"end":{"line":7,"column":2}},"2":{"start":{"line":9,"column":0},"end":{"line":11,"column":1}}},"fnMap":{},"branchMap":{},"s":{"0":1,"1":1,"2":1},"f":{},"b":{},"_coverageSchema":"1a1c01bbd47fc00a2c39e90264f33305004495a9","hash":"70e20afe12ba2d9b1c265bc3451f5b04243a1bb6"}
,"D:\\Proyectos\\Nodejs\\SonarQubeExpress\\test\\mocks\\users\\users.model.mock.js": {"path":"D:\\Proyectos\\Nodejs\\SonarQubeExpress\\test\\mocks\\users\\users.model.mock.js","statementMap":{"0":{"start":{"line":1,"column":0},"end":{"line":18,"column":1}}},"fnMap":{},"branchMap":{},"s":{"0":1},"f":{},"b":{},"_coverageSchema":"1a1c01bbd47fc00a2c39e90264f33305004495a9","hash":"7f09ca94c11ad4061aa36fb8aa2a024ba9ac728f"}
}
