{"D:\\Proyectos\\Nodejs\\SonarQubeExpress\\src\\controllers.js": {"path":"D:\\Proyectos\\Nodejs\\SonarQubeExpress\\src\\controllers.js","statementMap":{"0":{"start":{"line":1,"column":14},"end":{"line":1,"column":30}},"1":{"start":{"line":2,"column":12},"end":{"line":12,"column":1}},"2":{"start":{"line":13,"column":0},"end":{"line":19,"column":1}},"3":{"start":{"line":14,"column":21},"end":{"line":17,"column":5}},"4":{"start":{"line":18,"column":4},"end":{"line":18,"column":42}},"5":{"start":{"line":21,"column":0},"end":{"line":39,"column":1}},"6":{"start":{"line":22,"column":31},"end":{"line":22,"column":39}},"7":{"start":{"line":23,"column":15},"end":{"line":23,"column":31}},"8":{"start":{"line":24,"column":4},"end":{"line":34,"column":5}},"9":{"start":{"line":25,"column":8},"end":{"line":25,"column":43}},"10":{"start":{"line":26,"column":8},"end":{"line":33,"column":11}},"11":{"start":{"line":35,"column":4},"end":{"line":38,"column":7}},"12":{"start":{"line":41,"column":0},"end":{"line":57,"column":1}},"13":{"start":{"line":42,"column":19},"end":{"line":42,"column":29}},"14":{"start":{"line":43,"column":4},"end":{"line":50,"column":5}},"15":{"start":{"line":44,"column":8},"end":{"line":44,"column":34}},"16":{"start":{"line":45,"column":8},"end":{"line":45,"column":57}},"17":{"start":{"line":45,"column":36},"end":{"line":45,"column":55}},"18":{"start":{"line":46,"column":8},"end":{"line":49,"column":10}},"19":{"start":{"line":52,"column":4},"end":{"line":55,"column":6}},"20":{"start":{"line":59,"column":0},"end":{"line":67,"column":1}},"21":{"start":{"line":60,"column":15},"end":{"line":60,"column":78}},"22":{"start":{"line":61,"column":4},"end":{"line":61,"column":20}},"23":{"start":{"line":62,"column":4},"end":{"line":65,"column":6}}},"fnMap":{"0":{"name":"(anonymous_0)","decl":{"start":{"line":13,"column":19},"end":{"line":13,"column":20}},"loc":{"start":{"line":13,"column":38},"end":{"line":19,"column":1}},"line":13},"1":{"name":"(anonymous_1)","decl":{"start":{"line":21,"column":20},"end":{"line":21,"column":21}},"loc":{"start":{"line":21,"column":39},"end":{"line":39,"column":1}},"line":21},"2":{"name":"(anonymous_2)","decl":{"start":{"line":41,"column":22},"end":{"line":41,"column":23}},"loc":{"start":{"line":41,"column":41},"end":{"line":57,"column":1}},"line":41},"3":{"name":"(anonymous_3)","decl":{"start":{"line":45,"column":29},"end":{"line":45,"column":30}},"loc":{"start":{"line":45,"column":36},"end":{"line":45,"column":55}},"line":45},"4":{"name":"(anonymous_4)","decl":{"start":{"line":59,"column":19},"end":{"line":59,"column":20}},"loc":{"start":{"line":59,"column":38},"end":{"line":67,"column":1}},"line":59}},"branchMap":{"0":{"loc":{"start":{"line":24,"column":4},"end":{"line":34,"column":5}},"type":"if","locations":[{"start":{"line":24,"column":4},"end":{"line":34,"column":5}},{"start":{"line":24,"column":4},"end":{"line":34,"column":5}}],"line":24},"1":{"loc":{"start":{"line":24,"column":8},"end":{"line":24,"column":24}},"type":"binary-expr","locations":[{"start":{"line":24,"column":8},"end":{"line":24,"column":12}},{"start":{"line":24,"column":16},"end":{"line":24,"column":24}}],"line":24},"2":{"loc":{"start":{"line":43,"column":4},"end":{"line":50,"column":5}},"type":"if","locations":[{"start":{"line":43,"column":4},"end":{"line":50,"column":5}},{"start":{"line":43,"column":4},"end":{"line":50,"column":5}}],"line":43}},"s":{"0":1,"1":1,"2":1,"3":1,"4":1,"5":1,"6":1,"7":1,"8":1,"9":1,"10":1,"11":0,"12":1,"13":0,"14":0,"15":0,"16":0,"17":0,"18":0,"19":0,"20":1,"21":1,"22":1,"23":1},"f":{"0":1,"1":1,"2":0,"3":0,"4":1},"b":{"0":[1,0],"1":[1,1],"2":[0,0]},"_coverageSchema":"1a1c01bbd47fc00a2c39e90264f33305004495a9","hash":"fd866d4f9c887d08aa824b873c2d121e9591aedd"}
,"D:\\Proyectos\\Nodejs\\SonarQubeExpress\\src\\index.js": {"path":"D:\\Proyectos\\Nodejs\\SonarQubeExpress\\src\\index.js","statementMap":{"0":{"start":{"line":1,"column":16},"end":{"line":1,"column":34}},"1":{"start":{"line":2,"column":12},"end":{"line":2,"column":21}},"2":{"start":{"line":3,"column":55},"end":{"line":3,"column":79}},"3":{"start":{"line":4,"column":0},"end":{"line":4,"column":48}},"4":{"start":{"line":5,"column":0},"end":{"line":5,"column":23}},"5":{"start":{"line":6,"column":13},"end":{"line":6,"column":37}},"6":{"start":{"line":8,"column":0},"end":{"line":8,"column":28}},"7":{"start":{"line":10,"column":0},"end":{"line":10,"column":30}},"8":{"start":{"line":12,"column":0},"end":{"line":12,"column":38}},"9":{"start":{"line":14,"column":0},"end":{"line":14,"column":30}},"10":{"start":{"line":17,"column":13},"end":{"line":19,"column":2}},"11":{"start":{"line":18,"column":4},"end":{"line":18,"column":50}},"12":{"start":{"line":20,"column":0},"end":{"line":20,"column":24}}},"fnMap":{"0":{"name":"(anonymous_0)","decl":{"start":{"line":17,"column":30},"end":{"line":17,"column":31}},"loc":{"start":{"line":17,"column":36},"end":{"line":19,"column":1}},"line":17}},"branchMap":{"0":{"loc":{"start":{"line":6,"column":13},"end":{"line":6,"column":37}},"type":"binary-expr","locations":[{"start":{"line":6,"column":13},"end":{"line":6,"column":29}},{"start":{"line":6,"column":33},"end":{"line":6,"column":37}}],"line":6}},"s":{"0":1,"1":1,"2":1,"3":1,"4":1,"5":1,"6":1,"7":1,"8":1,"9":1,"10":1,"11":1,"12":1},"f":{"0":1},"b":{"0":[1,1]},"_coverageSchema":"1a1c01bbd47fc00a2c39e90264f33305004495a9","hash":"e9b5c1850d1924215f27be891cd440d949ccff50"}
,"D:\\Proyectos\\Nodejs\\SonarQubeExpress\\test\\mocks\\users\\users.model.mock.js": {"path":"D:\\Proyectos\\Nodejs\\SonarQubeExpress\\test\\mocks\\users\\users.model.mock.js","statementMap":{"0":{"start":{"line":1,"column":0},"end":{"line":18,"column":1}}},"fnMap":{},"branchMap":{},"s":{"0":1},"f":{},"b":{},"_coverageSchema":"1a1c01bbd47fc00a2c39e90264f33305004495a9","hash":"7f09ca94c11ad4061aa36fb8aa2a024ba9ac728f"}
}
