TN:
SF:src\controllers.js
FN:15,(anonymous_0)
FN:23,(anonymous_1)
FN:43,(anonymous_2)
FN:47,(anonymous_3)
FN:61,(anonymous_4)
FN:71,(anonymous_5)
FN:72,(anonymous_6)
FN:81,(anonymous_7)
FN:84,(anonymous_8)
FN:99,(anonymous_9)
FN:104,(anonymous_10)
FN:107,(anonymous_11)
FN:127,(anonymous_12)
FN:130,(anonymous_13)
FNF:14
FNH:11
FNDA:1,(anonymous_0)
FNDA:1,(anonymous_1)
FNDA:0,(anonymous_2)
FNDA:0,(anonymous_3)
FNDA:1,(anonymous_4)
FNDA:1,(anonymous_5)
FNDA:1,(anonymous_6)
FNDA:1,(anonymous_7)
FNDA:1,(anonymous_8)
FNDA:0,(anonymous_9)
FNDA:1,(anonymous_10)
FNDA:1,(anonymous_11)
FNDA:1,(anonymous_12)
FNDA:1,(anonymous_13)
DA:1,1
DA:2,1
DA:3,1
DA:4,1
DA:15,1
DA:16,1
DA:20,1
DA:23,1
DA:24,1
DA:25,1
DA:26,1
DA:27,1
DA:28,1
DA:37,0
DA:43,1
DA:44,0
DA:45,0
DA:46,0
DA:47,0
DA:48,0
DA:54,0
DA:61,1
DA:62,1
DA:63,1
DA:64,1
DA:71,1
DA:72,1
DA:73,1
DA:74,1
DA:81,1
DA:82,1
DA:83,1
DA:84,1
DA:85,1
DA:86,0
DA:91,1
DA:99,1
DA:104,1
DA:105,1
DA:106,1
DA:107,1
DA:108,1
DA:109,0
DA:114,1
DA:120,0
DA:127,1
DA:128,1
DA:129,1
DA:130,1
DA:131,1
DA:132,0
DA:137,1
LF:52
LH:41
BRDA:26,0,0,1
BRDA:26,0,1,0
BRDA:26,1,0,1
BRDA:26,1,1,1
BRDA:45,2,0,0
BRDA:45,2,1,0
BRDA:73,3,0,0
BRDA:73,3,1,1
BRDA:83,4,0,1
BRDA:83,4,1,0
BRDA:83,5,0,1
BRDA:83,5,1,1
BRDA:83,5,2,1
BRDA:83,5,3,1
BRDA:83,5,4,1
BRDA:85,6,0,0
BRDA:85,6,1,1
BRDA:106,7,0,1
BRDA:106,7,1,0
BRDA:108,8,0,0
BRDA:108,8,1,1
BRDA:129,9,0,1
BRDA:129,9,1,0
BRDA:129,10,0,1
BRDA:129,10,1,1
BRDA:131,11,0,0
BRDA:131,11,1,1
BRF:27
BRH:17
end_of_record
TN:
SF:src\index.js
FNF:0
FNH:0
DA:1,1
DA:2,1
DA:3,1
DA:4,1
DA:5,1
DA:6,1
DA:8,1
DA:10,1
DA:12,1
DA:14,1
DA:16,1
DA:17,1
DA:18,1
DA:19,1
DA:20,1
DA:26,1
LF:16
LH:16
BRDA:6,0,0,1
BRDA:6,0,1,1
BRF:2
BRH:2
end_of_record
TN:
SF:src\db\index.js
FNF:0
FNH:0
DA:1,1
DA:2,1
DA:9,1
LF:3
LH:3
BRF:0
BRH:0
end_of_record
TN:
SF:test\mocks\users\users.model.mock.js
FNF:0
FNH:0
DA:1,1
LF:1
LH:1
BRF:0
BRH:0
end_of_record
